c:\users\syed alam\google drive\matlab\soft2.0\soft20\mexproject\mexproject\x64\release\vc120.pdb
c:\users\syed alam\google drive\matlab\soft2.0\soft20\mexproject\mexproject\x64\release\so3_correlate_sym.obj
c:\users\syed alam\google drive\matlab\soft2.0\soft20\mexproject\mexproject\x64\release\s2_primitive.obj
c:\users\syed alam\google drive\matlab\soft2.0\soft20\mexproject\mexproject\x64\release\rotate_so3_mem.obj
c:\users\syed alam\google drive\matlab\soft2.0\soft20\mexproject\mexproject\x64\release\rotate_so3.obj
c:\users\syed alam\google drive\matlab\soft2.0\soft20\mexproject\mexproject\x64\release\permroots.obj
c:\users\syed alam\google drive\matlab\soft2.0\soft20\mexproject\mexproject\x64\release\ourperms.obj
c:\users\syed alam\google drive\matlab\soft2.0\soft20\mexproject\mexproject\x64\release\ourmods.obj
c:\users\syed alam\google drive\matlab\soft2.0\soft20\mexproject\mexproject\x64\release\oddweights.obj
c:\users\syed alam\google drive\matlab\soft2.0\soft20\mexproject\mexproject\x64\release\newfct.obj
c:\users\syed alam\google drive\matlab\soft2.0\soft20\mexproject\mexproject\x64\release\mexproject.obj
c:\users\syed alam\google drive\matlab\soft2.0\soft20\mexproject\mexproject\x64\release\makewigner.obj
c:\users\syed alam\google drive\matlab\soft2.0\soft20\mexproject\mexproject\x64\release\makeweights.obj
c:\users\syed alam\google drive\matlab\soft2.0\soft20\mexproject\mexproject\x64\release\legendretransforms.obj
c:\users\syed alam\google drive\matlab\soft2.0\soft20\mexproject\mexproject\x64\release\indextables.obj
c:\users\syed alam\google drive\matlab\soft2.0\soft20\mexproject\mexproject\x64\release\fst_semi_memo.obj
c:\users\syed alam\google drive\matlab\soft2.0\soft20\mexproject\mexproject\x64\release\fft_grids_so3.obj
c:\users\syed alam\google drive\matlab\soft2.0\soft20\mexproject\mexproject\x64\release\fft_grids.obj
c:\users\syed alam\google drive\matlab\soft2.0\soft20\mexproject\mexproject\x64\release\fftcode.obj
c:\users\syed alam\google drive\matlab\soft2.0\soft20\mexproject\mexproject\x64\release\csecond.obj
c:\users\syed alam\google drive\matlab\soft2.0\soft20\mexproject\mexproject\x64\release\cospmls.obj
c:\users\syed alam\google drive\matlab\soft2.0\soft20\mexproject\mexproject\x64\release\wrap_soft_sym_cor2.obj
c:\users\syed alam\google drive\matlab\soft2.0\soft20\mexproject\mexproject\x64\release\wrap_soft_sym.obj
c:\users\syed alam\google drive\matlab\soft2.0\soft20\mexproject\mexproject\x64\release\wrap_soft.obj
c:\users\syed alam\google drive\matlab\soft2.0\soft20\mexproject\mexproject\x64\release\wrap_s2_rotate.obj
c:\users\syed alam\google drive\matlab\soft2.0\soft20\mexproject\mexproject\x64\release\wignertransforms_sym.obj
c:\users\syed alam\google drive\matlab\soft2.0\soft20\mexproject\mexproject\x64\release\wignertransforms.obj
c:\users\syed alam\google drive\matlab\soft2.0\soft20\mexproject\mexproject\x64\release\weights.obj
c:\users\syed alam\google drive\matlab\soft2.0\soft20\mexproject\mexproject\x64\release\utils_so3.obj
c:\users\syed alam\google drive\matlab\soft2.0\soft20\mexproject\mexproject\x64\release\test_soft_sym_correlate2_wrap.obj
c:\users\syed alam\google drive\matlab\soft2.0\soft20\mexproject\mexproject\x64\release\test_soft_sym_correlate2.obj
c:\users\syed alam\google drive\matlab\soft2.0\soft20\mexproject\mexproject\x64\release\soft_sym.obj
c:\users\syed alam\google drive\matlab\soft2.0\soft20\mexproject\mexproject\x64\release\soft.obj
c:\users\syed alam\google drive\matlab\soft2.0\soft20\mexproject\x64\release\mexproject.mexw64
c:\users\syed alam\google drive\matlab\soft2.0\soft20\mexproject\x64\release\mexproject.pdb
c:\users\syed alam\google drive\matlab\soft2.0\soft20\mexproject\x64\release\mexproject.lib
c:\users\syed alam\google drive\matlab\soft2.0\soft20\mexproject\x64\release\mexproject.exp
c:\users\syed alam\google drive\matlab\soft2.0\soft20\mexproject\mexproject\x64\release\mexproject.tlog\cl.command.1.tlog
c:\users\syed alam\google drive\matlab\soft2.0\soft20\mexproject\mexproject\x64\release\mexproject.tlog\cl.read.1.tlog
c:\users\syed alam\google drive\matlab\soft2.0\soft20\mexproject\mexproject\x64\release\mexproject.tlog\cl.write.1.tlog
c:\users\syed alam\google drive\matlab\soft2.0\soft20\mexproject\mexproject\x64\release\mexproject.tlog\link.command.1.tlog
c:\users\syed alam\google drive\matlab\soft2.0\soft20\mexproject\mexproject\x64\release\mexproject.tlog\link.read.1.tlog
c:\users\syed alam\google drive\matlab\soft2.0\soft20\mexproject\mexproject\x64\release\mexproject.tlog\link.write.1.tlog
c:\users\syed alam\google drive\matlab\soft2.0\soft20\mexproject\mexproject\x64\release\mexproject.tlog\mexproject.write.1u.tlog
