c:\users\syed alam\google drive\matlab\soft2.0\soft20\mexproject\mexproject\x64\debug\vc120.pdb
c:\users\syed alam\google drive\matlab\soft2.0\soft20\mexproject\mexproject\x64\debug\vc120.idb
c:\users\syed alam\google drive\matlab\soft2.0\soft20\mexproject\mexproject\x64\debug\oddweights.obj
c:\users\syed alam\google drive\matlab\soft2.0\soft20\mexproject\mexproject\x64\debug\ourmods.obj
c:\users\syed alam\google drive\matlab\soft2.0\soft20\mexproject\mexproject\x64\debug\ourperms.obj
c:\users\syed alam\google drive\matlab\soft2.0\soft20\mexproject\mexproject\x64\debug\permroots.obj
c:\users\syed alam\google drive\matlab\soft2.0\soft20\mexproject\mexproject\x64\debug\rotate_so3.obj
c:\users\syed alam\google drive\matlab\soft2.0\soft20\mexproject\mexproject\x64\debug\rotate_so3_mem.obj
c:\users\syed alam\google drive\matlab\soft2.0\soft20\mexproject\mexproject\x64\debug\s2_primitive.obj
c:\users\syed alam\google drive\matlab\soft2.0\soft20\mexproject\mexproject\x64\debug\so3_correlate_sym.obj
c:\users\syed alam\google drive\matlab\soft2.0\soft20\mexproject\mexproject\x64\debug\soft.obj
c:\users\syed alam\google drive\matlab\soft2.0\soft20\mexproject\mexproject\x64\debug\soft_sym.obj
c:\users\syed alam\google drive\matlab\soft2.0\soft20\mexproject\mexproject\x64\debug\test_soft_sym_correlate2.obj
c:\users\syed alam\google drive\matlab\soft2.0\soft20\mexproject\mexproject\x64\debug\test_soft_sym_correlate2_wrap.obj
c:\users\syed alam\google drive\matlab\soft2.0\soft20\mexproject\mexproject\x64\debug\utils_so3.obj
c:\users\syed alam\google drive\matlab\soft2.0\soft20\mexproject\mexproject\x64\debug\weights.obj
c:\users\syed alam\google drive\matlab\soft2.0\soft20\mexproject\mexproject\x64\debug\wignertransforms.obj
c:\users\syed alam\google drive\matlab\soft2.0\soft20\mexproject\mexproject\x64\debug\wignertransforms_sym.obj
c:\users\syed alam\google drive\matlab\soft2.0\soft20\mexproject\mexproject\x64\debug\wrap_s2_rotate.obj
c:\users\syed alam\google drive\matlab\soft2.0\soft20\mexproject\mexproject\x64\debug\wrap_soft.obj
c:\users\syed alam\google drive\matlab\soft2.0\soft20\mexproject\mexproject\x64\debug\wrap_soft_sym.obj
c:\users\syed alam\google drive\matlab\soft2.0\soft20\mexproject\mexproject\x64\debug\wrap_soft_sym_cor2.obj
c:\users\syed alam\google drive\matlab\soft2.0\soft20\mexproject\mexproject\x64\debug\cospmls.obj
c:\users\syed alam\google drive\matlab\soft2.0\soft20\mexproject\mexproject\x64\debug\csecond.obj
c:\users\syed alam\google drive\matlab\soft2.0\soft20\mexproject\mexproject\x64\debug\fftcode.obj
c:\users\syed alam\google drive\matlab\soft2.0\soft20\mexproject\mexproject\x64\debug\fft_grids.obj
c:\users\syed alam\google drive\matlab\soft2.0\soft20\mexproject\mexproject\x64\debug\fft_grids_so3.obj
c:\users\syed alam\google drive\matlab\soft2.0\soft20\mexproject\mexproject\x64\debug\fst_semi_memo.obj
c:\users\syed alam\google drive\matlab\soft2.0\soft20\mexproject\mexproject\x64\debug\indextables.obj
c:\users\syed alam\google drive\matlab\soft2.0\soft20\mexproject\mexproject\x64\debug\legendretransforms.obj
c:\users\syed alam\google drive\matlab\soft2.0\soft20\mexproject\mexproject\x64\debug\makeweights.obj
c:\users\syed alam\google drive\matlab\soft2.0\soft20\mexproject\mexproject\x64\debug\makewigner.obj
c:\users\syed alam\google drive\matlab\soft2.0\soft20\mexproject\mexproject\x64\debug\mexproject.obj
c:\users\syed alam\google drive\matlab\soft2.0\soft20\mexproject\mexproject\x64\debug\newfct.obj
c:\users\syed alam\google drive\matlab\soft2.0\soft20\mexproject\x64\debug\mexproject.ilk
c:\users\syed alam\google drive\matlab\soft2.0\soft20\mexproject\x64\debug\mexproject.mexw64
c:\users\syed alam\google drive\matlab\soft2.0\soft20\mexproject\x64\debug\mexproject.pdb
c:\users\syed alam\google drive\matlab\soft2.0\soft20\mexproject\x64\debug\mexproject.lib
c:\users\syed alam\google drive\matlab\soft2.0\soft20\mexproject\x64\debug\mexproject.exp
c:\users\syed alam\google drive\matlab\soft2.0\soft20\mexproject\mexproject\x64\debug\mexproject.tlog\cl.command.1.tlog
c:\users\syed alam\google drive\matlab\soft2.0\soft20\mexproject\mexproject\x64\debug\mexproject.tlog\cl.read.1.tlog
c:\users\syed alam\google drive\matlab\soft2.0\soft20\mexproject\mexproject\x64\debug\mexproject.tlog\cl.write.1.tlog
c:\users\syed alam\google drive\matlab\soft2.0\soft20\mexproject\mexproject\x64\debug\mexproject.tlog\link.command.1.tlog
c:\users\syed alam\google drive\matlab\soft2.0\soft20\mexproject\mexproject\x64\debug\mexproject.tlog\link.read.1.tlog
c:\users\syed alam\google drive\matlab\soft2.0\soft20\mexproject\mexproject\x64\debug\mexproject.tlog\link.write.1.tlog
c:\users\syed alam\google drive\matlab\soft2.0\soft20\mexproject\mexproject\x64\debug\mexproject.tlog\mexproject.write.1u.tlog
