c:\users\syed alam\google drive\matlab\soft2.0\soft20\consoleapplication1\consoleapplication1\debug\vc120.pdb
c:\users\syed alam\google drive\matlab\soft2.0\soft20\consoleapplication1\consoleapplication1\debug\vc120.idb
c:\users\syed alam\google drive\matlab\soft2.0\soft20\consoleapplication1\consoleapplication1\debug\newfct.obj
c:\users\syed alam\google drive\matlab\soft2.0\soft20\consoleapplication1\consoleapplication1\debug\oddweights.obj
c:\users\syed alam\google drive\matlab\soft2.0\soft20\consoleapplication1\consoleapplication1\debug\ourmods.obj
c:\users\syed alam\google drive\matlab\soft2.0\soft20\consoleapplication1\consoleapplication1\debug\ourperms.obj
c:\users\syed alam\google drive\matlab\soft2.0\soft20\consoleapplication1\consoleapplication1\debug\permroots.obj
c:\users\syed alam\google drive\matlab\soft2.0\soft20\consoleapplication1\consoleapplication1\debug\rotate_so3.obj
c:\users\syed alam\google drive\matlab\soft2.0\soft20\consoleapplication1\consoleapplication1\debug\rotate_so3_mem.obj
c:\users\syed alam\google drive\matlab\soft2.0\soft20\consoleapplication1\consoleapplication1\debug\s2_primitive.obj
c:\users\syed alam\google drive\matlab\soft2.0\soft20\consoleapplication1\consoleapplication1\debug\so3_correlate_sym.obj
c:\users\syed alam\google drive\matlab\soft2.0\soft20\consoleapplication1\consoleapplication1\debug\soft.obj
c:\users\syed alam\google drive\matlab\soft2.0\soft20\consoleapplication1\consoleapplication1\debug\soft_sym.obj
c:\users\syed alam\google drive\matlab\soft2.0\soft20\consoleapplication1\consoleapplication1\debug\test_soft_sym_correlate2.obj
c:\users\syed alam\google drive\matlab\soft2.0\soft20\consoleapplication1\consoleapplication1\debug\utils_so3.obj
c:\users\syed alam\google drive\matlab\soft2.0\soft20\consoleapplication1\consoleapplication1\debug\weights.obj
c:\users\syed alam\google drive\matlab\soft2.0\soft20\consoleapplication1\consoleapplication1\debug\wignertransforms.obj
c:\users\syed alam\google drive\matlab\soft2.0\soft20\consoleapplication1\consoleapplication1\debug\wignertransforms_sym.obj
c:\users\syed alam\google drive\matlab\soft2.0\soft20\consoleapplication1\consoleapplication1\debug\wrap_s2_rotate.obj
c:\users\syed alam\google drive\matlab\soft2.0\soft20\consoleapplication1\consoleapplication1\debug\wrap_soft.obj
c:\users\syed alam\google drive\matlab\soft2.0\soft20\consoleapplication1\consoleapplication1\debug\wrap_soft_sym.obj
c:\users\syed alam\google drive\matlab\soft2.0\soft20\consoleapplication1\consoleapplication1\debug\wrap_soft_sym_cor2.obj
c:\users\syed alam\google drive\matlab\soft2.0\soft20\consoleapplication1\consoleapplication1\debug\cospmls.obj
c:\users\syed alam\google drive\matlab\soft2.0\soft20\consoleapplication1\consoleapplication1\debug\csecond.obj
c:\users\syed alam\google drive\matlab\soft2.0\soft20\consoleapplication1\consoleapplication1\debug\fftcode.obj
c:\users\syed alam\google drive\matlab\soft2.0\soft20\consoleapplication1\consoleapplication1\debug\fft_grids.obj
c:\users\syed alam\google drive\matlab\soft2.0\soft20\consoleapplication1\consoleapplication1\debug\fft_grids_so3.obj
c:\users\syed alam\google drive\matlab\soft2.0\soft20\consoleapplication1\consoleapplication1\debug\fst_semi_memo.obj
c:\users\syed alam\google drive\matlab\soft2.0\soft20\consoleapplication1\consoleapplication1\debug\indextables.obj
c:\users\syed alam\google drive\matlab\soft2.0\soft20\consoleapplication1\consoleapplication1\debug\legendretransforms.obj
c:\users\syed alam\google drive\matlab\soft2.0\soft20\consoleapplication1\consoleapplication1\debug\makeweights.obj
c:\users\syed alam\google drive\matlab\soft2.0\soft20\consoleapplication1\consoleapplication1\debug\makewigner.obj
c:\users\syed alam\google drive\matlab\soft2.0\soft20\consoleapplication1\consoleapplication1\debug\test_soft_sym_correlate2_wrap.obj
c:\users\syed alam\google drive\matlab\soft2.0\soft20\consoleapplication1\consoleapplication1\debug\mexcorrelatefunctionsonsphere.obj
c:\users\syed alam\google drive\matlab\soft2.0\soft20\consoleapplication1\debug\consoleapplication1.ilk
c:\users\syed alam\google drive\matlab\soft2.0\soft20\consoleapplication1\debug\consoleapplication1.exe
c:\users\syed alam\google drive\matlab\soft2.0\soft20\consoleapplication1\debug\consoleapplication1.pdb
c:\users\syed alam\google drive\matlab\soft2.0\soft20\consoleapplication1\consoleapplication1\debug\consolea.acd69790.tlog\cl.command.1.tlog
c:\users\syed alam\google drive\matlab\soft2.0\soft20\consoleapplication1\consoleapplication1\debug\consolea.acd69790.tlog\cl.read.1.tlog
c:\users\syed alam\google drive\matlab\soft2.0\soft20\consoleapplication1\consoleapplication1\debug\consolea.acd69790.tlog\cl.write.1.tlog
c:\users\syed alam\google drive\matlab\soft2.0\soft20\consoleapplication1\consoleapplication1\debug\consolea.acd69790.tlog\link.command.1.tlog
c:\users\syed alam\google drive\matlab\soft2.0\soft20\consoleapplication1\consoleapplication1\debug\consolea.acd69790.tlog\link.read.1.tlog
c:\users\syed alam\google drive\matlab\soft2.0\soft20\consoleapplication1\consoleapplication1\debug\consolea.acd69790.tlog\link.write.1.tlog
